<?xml version="1.0" encoding="UTF-8"?>
<!-- Generated by org.testng.reporters.JUnitReportReporter -->
<testsuite skipped="0" hostname="L-005228" name="test2.endavaUnivirsity.TestEndavaUniversity" tests="1" failures="0" timestamp="11 Aug 2016 07:36:45 GMT" time="3.121" errors="0">
  <testcase name="EndavaUnivers" time="3.121" classname="test2.endavaUnivirsity.TestEndavaUniversity"/>
</testsuite> <!-- test2.endavaUnivirsity.TestEndavaUniversity -->
