<?xml version="1.0" encoding="UTF-8"?>
<!-- Generated by org.testng.reporters.JUnitReportReporter -->
<testsuite skipped="1" hostname="L-005228" name="test.TestJedan" tests="1" failures="0" timestamp="5 Aug 2016 06:36:58 GMT" time="0.002" errors="0">
  <testcase name="TestGoogle" time="0.002" classname="test.TestJedan">
    <skipped/>
  </testcase> <!-- TestGoogle -->
</testsuite> <!-- test.TestJedan -->
